G:\ZEON\EDIT TEXT\DEBUG\EDIT TEXT.EXE
G:\ZEON\EDIT TEXT\DEBUG\EDIT TEXT.ILK
G:\ZEON\EDIT TEXT\DEBUG\EDIT TEXT.PDB
G:\ZEON\EDIT TEXT\EDIT TEXT\DEBUG\.NETFRAMEWORK,VERSION=V4.0.ASSEMBLYATTRIBUTES.OBJ
G:\ZEON\EDIT TEXT\EDIT TEXT\DEBUG\APP.RES
G:\ZEON\EDIT TEXT\EDIT TEXT\DEBUG\ASSEMBLYINFO.OBJ
G:\Zeon\edit text\edit text\Debug\cl.command.1.tlog
G:\Zeon\edit text\edit text\Debug\CL.read.1.tlog
G:\Zeon\edit text\edit text\Debug\CL.write.1.tlog
G:\ZEON\EDIT TEXT\EDIT TEXT\DEBUG\EDIT TEXT.EXE.INTERMEDIATE.MANIFEST
G:\ZEON\EDIT TEXT\EDIT TEXT\DEBUG\EDIT TEXT.OBJ
G:\ZEON\EDIT TEXT\EDIT TEXT\DEBUG\EDIT TEXT.PCH
G:\Zeon\edit text\edit text\Debug\edit text.write.1.tlog
G:\ZEON\EDIT TEXT\EDIT TEXT\DEBUG\EDITTEXT.FORM1.RESOURCES
G:\ZEON\EDIT TEXT\EDIT TEXT\DEBUG\EDITTEXT.FORM2.RESOURCES
G:\ZEON\EDIT TEXT\EDIT TEXT\DEBUG\EDITTEXT.FORM3.RESOURCES
G:\ZEON\EDIT TEXT\EDIT TEXT\DEBUG\EDITTEXT.FORM4.RESOURCES
G:\ZEON\EDIT TEXT\EDIT TEXT\DEBUG\EDITTEXT.FORM5.RESOURCES
G:\ZEON\EDIT TEXT\EDIT TEXT\DEBUG\FORM2.OBJ
G:\ZEON\EDIT TEXT\EDIT TEXT\DEBUG\FORM3.OBJ
G:\ZEON\EDIT TEXT\EDIT TEXT\DEBUG\FORM4.OBJ
G:\ZEON\EDIT TEXT\EDIT TEXT\DEBUG\FORM5.OBJ
G:\Zeon\edit text\edit text\Debug\GenerateResource.read.1.tlog
G:\Zeon\edit text\edit text\Debug\GenerateResource.read.111.tlog
G:\Zeon\edit text\edit text\Debug\GenerateResource.write.1.tlog
G:\Zeon\edit text\edit text\Debug\GenerateResource.write.111.tlog
G:\Zeon\edit text\edit text\Debug\link.10080.read.1.tlog
G:\Zeon\edit text\edit text\Debug\link.10080.write.1.tlog
G:\Zeon\edit text\edit text\Debug\link.10080-cvtres.read.1.tlog
G:\Zeon\edit text\edit text\Debug\link.10080-cvtres.write.1.tlog
G:\Zeon\edit text\edit text\Debug\link.3036.read.1.tlog
G:\Zeon\edit text\edit text\Debug\link.3036.write.1.tlog
G:\Zeon\edit text\edit text\Debug\link.3036-cvtres.read.1.tlog
G:\Zeon\edit text\edit text\Debug\link.3036-cvtres.write.1.tlog
G:\Zeon\edit text\edit text\Debug\link.3676.read.1.tlog
G:\Zeon\edit text\edit text\Debug\link.3676.write.1.tlog
G:\Zeon\edit text\edit text\Debug\link.3676-cvtres.read.1.tlog
G:\Zeon\edit text\edit text\Debug\link.3676-cvtres.write.1.tlog
G:\Zeon\edit text\edit text\Debug\link.4408.read.1.tlog
G:\Zeon\edit text\edit text\Debug\link.4408.write.1.tlog
G:\Zeon\edit text\edit text\Debug\link.4408-cvtres.read.1.tlog
G:\Zeon\edit text\edit text\Debug\link.4408-cvtres.write.1.tlog
G:\Zeon\edit text\edit text\Debug\link.4708.read.1.tlog
G:\Zeon\edit text\edit text\Debug\link.4708.write.1.tlog
G:\Zeon\edit text\edit text\Debug\link.4708-cvtres.read.1.tlog
G:\Zeon\edit text\edit text\Debug\link.4708-cvtres.write.1.tlog
G:\Zeon\edit text\edit text\Debug\link.4912.read.1.tlog
G:\Zeon\edit text\edit text\Debug\link.4912.write.1.tlog
G:\Zeon\edit text\edit text\Debug\link.4912-cvtres.read.1.tlog
G:\Zeon\edit text\edit text\Debug\link.4912-cvtres.write.1.tlog
G:\Zeon\edit text\edit text\Debug\link.5852.read.1.tlog
G:\Zeon\edit text\edit text\Debug\link.5852.write.1.tlog
G:\Zeon\edit text\edit text\Debug\link.5852-cvtres.read.1.tlog
G:\Zeon\edit text\edit text\Debug\link.5852-cvtres.write.1.tlog
G:\Zeon\edit text\edit text\Debug\link.6004.read.1.tlog
G:\Zeon\edit text\edit text\Debug\link.6004.write.1.tlog
G:\Zeon\edit text\edit text\Debug\link.6004-cvtres.read.1.tlog
G:\Zeon\edit text\edit text\Debug\link.6004-cvtres.write.1.tlog
G:\Zeon\edit text\edit text\Debug\link.6296.read.1.tlog
G:\Zeon\edit text\edit text\Debug\link.6296.write.1.tlog
G:\Zeon\edit text\edit text\Debug\link.6296-cvtres.read.1.tlog
G:\Zeon\edit text\edit text\Debug\link.6296-cvtres.write.1.tlog
G:\Zeon\edit text\edit text\Debug\link.6352.read.1.tlog
G:\Zeon\edit text\edit text\Debug\link.6352.write.1.tlog
G:\Zeon\edit text\edit text\Debug\link.6352-cvtres.read.1.tlog
G:\Zeon\edit text\edit text\Debug\link.6352-cvtres.write.1.tlog
G:\Zeon\edit text\edit text\Debug\link.6584.read.1.tlog
G:\Zeon\edit text\edit text\Debug\link.6584.write.1.tlog
G:\Zeon\edit text\edit text\Debug\link.6584-cvtres.read.1.tlog
G:\Zeon\edit text\edit text\Debug\link.6584-cvtres.write.1.tlog
G:\Zeon\edit text\edit text\Debug\link.6636.read.1.tlog
G:\Zeon\edit text\edit text\Debug\link.6636.write.1.tlog
G:\Zeon\edit text\edit text\Debug\link.6636-cvtres.read.1.tlog
G:\Zeon\edit text\edit text\Debug\link.6636-cvtres.write.1.tlog
G:\Zeon\edit text\edit text\Debug\link.6796.read.1.tlog
G:\Zeon\edit text\edit text\Debug\link.6796.write.1.tlog
G:\Zeon\edit text\edit text\Debug\link.6796-cvtres.read.1.tlog
G:\Zeon\edit text\edit text\Debug\link.6796-cvtres.write.1.tlog
G:\Zeon\edit text\edit text\Debug\link.6940.read.1.tlog
G:\Zeon\edit text\edit text\Debug\link.6940.write.1.tlog
G:\Zeon\edit text\edit text\Debug\link.6940-cvtres.read.1.tlog
G:\Zeon\edit text\edit text\Debug\link.6940-cvtres.write.1.tlog
G:\Zeon\edit text\edit text\Debug\link.7292.read.1.tlog
G:\Zeon\edit text\edit text\Debug\link.7292.write.1.tlog
G:\Zeon\edit text\edit text\Debug\link.7292-cvtres.read.1.tlog
G:\Zeon\edit text\edit text\Debug\link.7292-cvtres.write.1.tlog
G:\Zeon\edit text\edit text\Debug\link.8220.read.1.tlog
G:\Zeon\edit text\edit text\Debug\link.8220.write.1.tlog
G:\Zeon\edit text\edit text\Debug\link.8220-cvtres.read.1.tlog
G:\Zeon\edit text\edit text\Debug\link.8220-cvtres.write.1.tlog
G:\Zeon\edit text\edit text\Debug\link.9572.read.1.tlog
G:\Zeon\edit text\edit text\Debug\link.9572.write.1.tlog
G:\Zeon\edit text\edit text\Debug\link.9572-cvtres.read.1.tlog
G:\Zeon\edit text\edit text\Debug\link.9572-cvtres.write.1.tlog
G:\Zeon\edit text\edit text\Debug\link.command.1.tlog
G:\Zeon\edit text\edit text\Debug\link.read.1.tlog
G:\Zeon\edit text\edit text\Debug\link.write.1.tlog
G:\Zeon\edit text\edit text\Debug\mt.command.1.tlog
G:\Zeon\edit text\edit text\Debug\mt.read.1.tlog
G:\Zeon\edit text\edit text\Debug\mt.write.1.tlog
G:\Zeon\edit text\edit text\Debug\rc.command.1.tlog
G:\Zeon\edit text\edit text\Debug\rc.read.1.tlog
G:\Zeon\edit text\edit text\Debug\rc.write.1.tlog
G:\ZEON\EDIT TEXT\EDIT TEXT\DEBUG\STDAFX.OBJ
G:\ZEON\EDIT TEXT\EDIT TEXT\DEBUG\VC100.PDB
