Build started 12/7/2011 12:35:43 PM.
     1>Project "C:\Users\TF\Documents\Ek dum final\edit text\edit text\edit text.vcxproj" on node 2 (build target(s)).
     1>InitializeBuildStatus:
         Creating "Debug\edit text.unsuccessfulbuild" because "AlwaysCreate" was specified.
       GenerateTargetFrameworkMonikerAttribute:
       Skipping target "GenerateTargetFrameworkMonikerAttribute" because all output files are up-to-date with respect to the input files.
       ClCompile:
         All outputs are up-to-date.
         c:\Program Files (x86)\Microsoft Visual Studio 10.0\VC\bin\CL.exe /c /AI"C:\Program Files (x86)\Reference Assemblies\Microsoft\Framework\.NETFramework\v4.0" /Zi /clr:pure /nologo /W3 /WX- /Od /Oy- /D WIN32 /D _DEBUG /D _UNICODE /D UNICODE /EHa /MDd /GS /fp:precise /Zc:wchar_t /Zc:forScope /Yu"StdAfx.h" /Fp"Debug\edit text.pch" /Fo"Debug\\" /Fd"Debug\vc100.pdb" /TP /FU"C:\Program Files (x86)\Reference Assemblies\Microsoft\Framework\.NETFramework\v4.0\System.Core.dll" /FU"C:\Program Files (x86)\Reference Assemblies\Microsoft\Framework\.NETFramework\v4.0\System.Data.dll" /FU"C:\Program Files (x86)\Reference Assemblies\Microsoft\Framework\.NETFramework\v4.0\System.dll" /FU"C:\Program Files (x86)\Reference Assemblies\Microsoft\Framework\.NETFramework\v4.0\System.Drawing.dll" /FU"C:\Program Files (x86)\Reference Assemblies\Microsoft\Framework\.NETFramework\v4.0\System.Windows.Forms.dll" /FU"C:\Program Files (x86)\Reference Assemblies\Microsoft\Framework\.NETFramework\v4.0\System.Xml.dll" /analyze- /errorReport:prompt "edit text.cpp" /clr:nostdlib 
         edit text.cpp
         All outputs are up-to-date.
       CoreResGen:
         All outputs are up-to-date.
       ResourceCompile:
         All outputs are up-to-date.
       Link:
         c:\Program Files (x86)\Microsoft Visual Studio 10.0\VC\bin\link.exe /ERRORREPORT:PROMPT /OUT:"C:\Users\TF\Documents\Ek dum final\edit text\Debug\edit text.exe" /INCREMENTAL /NOLOGO /ASSEMBLYRESOURCE:Debug\edittext.Form1.resources /ASSEMBLYRESOURCE:Debug\edittext.Form2.resources /ASSEMBLYRESOURCE:Debug\edittext.Form3.resources /ASSEMBLYRESOURCE:Debug\edittext.Form4.resources /ASSEMBLYRESOURCE:Debug\edittext.Form5.resources /MANIFEST /ManifestFile:"Debug\edit text.exe.intermediate.manifest" /MANIFESTUAC:"level='asInvoker' uiAccess='false'" /DEBUG /PDB:"C:\Users\TF\Documents\Ek dum final\edit text\Debug\edit text.pdb" /ASSEMBLYDEBUG /SUBSYSTEM:WINDOWS /TLBID:1 /ENTRY:"main" /DYNAMICBASE /FIXED:NO /NXCOMPAT /MACHINE:X86 Debug\app.res
         Debug\AssemblyInfo.obj
         "Debug\edit text.obj"
         Debug\Form2.obj
         Debug\Form3.obj
         Debug\Form4.obj
         Debug\Form5.obj
         Debug\stdafx.obj
         "Debug\.NETFramework,Version=v4.0.AssemblyAttributes.obj"
         edit text.vcxproj -> C:\Users\TF\Documents\Ek dum final\edit text\Debug\edit text.exe
       Manifest:
         C:\Program Files (x86)\Microsoft SDKs\Windows\v7.0A\bin\mt.exe /nologo /verbose /outputresource:"C:\Users\TF\Documents\Ek dum final\edit text\Debug\edit text.exe;#1" /manifest "Debug\edit text.exe.intermediate.manifest"
       FinalizeBuildStatus:
         Deleting file "Debug\edit text.unsuccessfulbuild".
         Touching "Debug\edit text.lastbuildstate".
     1>Done Building Project "C:\Users\TF\Documents\Ek dum final\edit text\edit text\edit text.vcxproj" (build target(s)).

Build succeeded.

Time Elapsed 00:00:02.50
